{"/home/kabouri/Desktop/projects/projetss6-robot-15531/src/interpreter.js": {"path":"/home/kabouri/Desktop/projects/projetss6-robot-15531/src/interpreter.js","statementMap":{"0":{"start":{"line":7,"column":17},"end":{"line":7,"column":37}},"1":{"start":{"line":8,"column":4},"end":{"line":8,"column":37}},"2":{"start":{"line":14,"column":4},"end":{"line":21,"column":7}},"3":{"start":{"line":15,"column":8},"end":{"line":20,"column":9}},"4":{"start":{"line":16,"column":12},"end":{"line":16,"column":45}},"5":{"start":{"line":19,"column":12},"end":{"line":19,"column":45}},"6":{"start":{"line":23,"column":4},"end":{"line":29,"column":13}},"7":{"start":{"line":37,"column":8},"end":{"line":42,"column":13}},"8":{"start":{"line":38,"column":12},"end":{"line":38,"column":23}},"9":{"start":{"line":41,"column":12},"end":{"line":41,"column":58}},"10":{"start":{"line":44,"column":4},"end":{"line":44,"column":46}},"11":{"start":{"line":50,"column":4},"end":{"line":53,"column":5}},"12":{"start":{"line":52,"column":8},"end":{"line":52,"column":17}},"13":{"start":{"line":54,"column":4},"end":{"line":54,"column":60}},"14":{"start":{"line":60,"column":4},"end":{"line":60,"column":38}},"15":{"start":{"line":61,"column":4},"end":{"line":64,"column":5}},"16":{"start":{"line":62,"column":8},"end":{"line":62,"column":45}},"17":{"start":{"line":63,"column":8},"end":{"line":63,"column":42}}},"fnMap":{"0":{"name":"add_sentinel","decl":{"start":{"line":6,"column":9},"end":{"line":6,"column":21}},"loc":{"start":{"line":6,"column":42},"end":{"line":9,"column":1}},"line":6},"1":{"name":"make_context","decl":{"start":{"line":13,"column":9},"end":{"line":13,"column":21}},"loc":{"start":{"line":13,"column":31},"end":{"line":30,"column":5}},"line":13},"2":{"name":"(anonymous_2)","decl":{"start":{"line":14,"column":16},"end":{"line":14,"column":17}},"loc":{"start":{"line":14,"column":29},"end":{"line":21,"column":5}},"line":14},"3":{"name":"find_function","decl":{"start":{"line":33,"column":9},"end":{"line":33,"column":22}},"loc":{"start":{"line":33,"column":37},"end":{"line":45,"column":1}},"line":33},"4":{"name":"find_function_rec","decl":{"start":{"line":35,"column":13},"end":{"line":35,"column":30}},"loc":{"start":{"line":35,"column":51},"end":{"line":43,"column":5}},"line":35},"5":{"name":"is_over","decl":{"start":{"line":48,"column":9},"end":{"line":48,"column":16}},"loc":{"start":{"line":48,"column":49},"end":{"line":55,"column":1}},"line":48},"6":{"name":"execute_and_print","decl":{"start":{"line":58,"column":9},"end":{"line":58,"column":26}},"loc":{"start":{"line":58,"column":60},"end":{"line":65,"column":1}},"line":58}},"branchMap":{"0":{"loc":{"start":{"line":15,"column":8},"end":{"line":20,"column":9}},"type":"if","locations":[{"start":{"line":15,"column":8},"end":{"line":20,"column":9}},{"start":{"line":18,"column":13},"end":{"line":20,"column":9}}],"line":15},"1":{"loc":{"start":{"line":37,"column":8},"end":{"line":42,"column":13}},"type":"if","locations":[{"start":{"line":37,"column":8},"end":{"line":42,"column":13}},{"start":{"line":40,"column":13},"end":{"line":42,"column":13}}],"line":37},"2":{"loc":{"start":{"line":50,"column":4},"end":{"line":53,"column":5}},"type":"if","locations":[{"start":{"line":50,"column":4},"end":{"line":53,"column":5}},{"start":{},"end":{}}],"line":50},"3":{"loc":{"start":{"line":50,"column":8},"end":{"line":50,"column":52}},"type":"binary-expr","locations":[{"start":{"line":50,"column":8},"end":{"line":50,"column":28}},{"start":{"line":50,"column":32},"end":{"line":50,"column":52}}],"line":50}},"s":{"0":12,"1":12,"2":4,"3":12,"4":4,"5":8,"6":4,"7":59,"8":55,"9":4,"10":55,"11":0,"12":0,"13":0,"14":0,"15":0,"16":0,"17":0},"f":{"0":12,"1":4,"2":12,"3":55,"4":59,"5":0,"6":0},"b":{"0":[4,8],"1":[55,4],"2":[0,0],"3":[0,0]},"inputSourceMap":null,"_coverageSchema":"1a1c01bbd47fc00a2c39e90264f33305004495a9","hash":"6541015b0192b040506f59dc87dd7448dd13458b"}
,"/home/kabouri/Desktop/projects/projetss6-robot-15531/src/puzzle.js": {"path":"/home/kabouri/Desktop/projects/projetss6-robot-15531/src/puzzle.js","statementMap":{"0":{"start":{"line":6,"column":4},"end":{"line":9,"column":13}},"1":{"start":{"line":19,"column":15},"end":{"line":21,"column":41}},"2":{"start":{"line":25,"column":4},"end":{"line":25,"column":30}},"3":{"start":{"line":39,"column":4},"end":{"line":39,"column":52}},"4":{"start":{"line":43,"column":20},"end":{"line":43,"column":40}},"5":{"start":{"line":47,"column":4},"end":{"line":47,"column":49}},"6":{"start":{"line":52,"column":4},"end":{"line":57,"column":5}},"7":{"start":{"line":53,"column":29},"end":{"line":53,"column":177}},"8":{"start":{"line":54,"column":25},"end":{"line":54,"column":48}},"9":{"start":{"line":55,"column":8},"end":{"line":55,"column":52}},"10":{"start":{"line":56,"column":8},"end":{"line":56,"column":26}},"11":{"start":{"line":58,"column":4},"end":{"line":58,"column":56}},"12":{"start":{"line":63,"column":14},"end":{"line":63,"column":16}},"13":{"start":{"line":64,"column":17},"end":{"line":64,"column":18}},"14":{"start":{"line":67,"column":4},"end":{"line":67,"column":41}},"15":{"start":{"line":68,"column":4},"end":{"line":68,"column":17}},"16":{"start":{"line":72,"column":4},"end":{"line":72,"column":43}},"17":{"start":{"line":76,"column":15},"end":{"line":76,"column":39}},"18":{"start":{"line":77,"column":4},"end":{"line":77,"column":25}},"19":{"start":{"line":80,"column":13},"end":{"line":92,"column":5}},"20":{"start":{"line":93,"column":13},"end":{"line":93,"column":38}},"21":{"start":{"line":94,"column":14},"end":{"line":94,"column":41}},"22":{"start":{"line":96,"column":13},"end":{"line":108,"column":5}},"23":{"start":{"line":109,"column":13},"end":{"line":109,"column":38}},"24":{"start":{"line":110,"column":14},"end":{"line":110,"column":41}},"25":{"start":{"line":112,"column":0},"end":{"line":112,"column":29}},"26":{"start":{"line":113,"column":0},"end":{"line":113,"column":29}},"27":{"start":{"line":117,"column":17},"end":{"line":117,"column":38}}},"fnMap":{"0":{"name":"make_puzzle","decl":{"start":{"line":4,"column":16},"end":{"line":4,"column":27}},"loc":{"start":{"line":4,"column":42},"end":{"line":10,"column":1}},"line":4},"1":{"name":"get__cell_content","decl":{"start":{"line":23,"column":16},"end":{"line":23,"column":33}},"loc":{"start":{"line":23,"column":48},"end":{"line":26,"column":1}},"line":23},"2":{"name":"is_valid_position","decl":{"start":{"line":37,"column":16},"end":{"line":37,"column":33}},"loc":{"start":{"line":37,"column":48},"end":{"line":40,"column":1}},"line":37},"3":{"name":"get_robot__symbol","decl":{"start":{"line":45,"column":16},"end":{"line":45,"column":33}},"loc":{"start":{"line":45,"column":42},"end":{"line":48,"column":1}},"line":45},"4":{"name":"print_puzzle","decl":{"start":{"line":51,"column":16},"end":{"line":51,"column":28}},"loc":{"start":{"line":51,"column":37},"end":{"line":59,"column":1}},"line":51},"5":{"name":"add_puzzle","decl":{"start":{"line":66,"column":16},"end":{"line":66,"column":26}},"loc":{"start":{"line":66,"column":52},"end":{"line":69,"column":1}},"line":66},"6":{"name":"getRandomInt","decl":{"start":{"line":71,"column":16},"end":{"line":71,"column":28}},"loc":{"start":{"line":71,"column":34},"end":{"line":73,"column":1}},"line":71},"7":{"name":"generate_puzzle","decl":{"start":{"line":75,"column":16},"end":{"line":75,"column":31}},"loc":{"start":{"line":75,"column":34},"end":{"line":78,"column":1}},"line":75}},"branchMap":{"0":{"loc":{"start":{"line":52,"column":4},"end":{"line":57,"column":5}},"type":"if","locations":[{"start":{"line":52,"column":4},"end":{"line":57,"column":5}},{"start":{},"end":{}}],"line":52}},"s":{"0":16,"1":3,"2":155,"3":156,"4":3,"5":2,"6":0,"7":0,"8":0,"9":0,"10":0,"11":0,"12":3,"13":3,"14":6,"15":6,"16":0,"17":0,"18":0,"19":3,"20":3,"21":3,"22":3,"23":3,"24":3,"25":3,"26":3,"27":3},"f":{"0":16,"1":155,"2":156,"3":2,"4":0,"5":6,"6":0,"7":0},"b":{"0":[0,0]},"inputSourceMap":null,"_coverageSchema":"1a1c01bbd47fc00a2c39e90264f33305004495a9","hash":"1414105d2ef49bb3c1c986eca5412c6d2e88f792"}
,"/home/kabouri/Desktop/projects/projetss6-robot-15531/src/robot.js": {"path":"/home/kabouri/Desktop/projects/projetss6-robot-15531/src/robot.js","statementMap":{"0":{"start":{"line":16,"column":17},"end":{"line":16,"column":65}},"1":{"start":{"line":20,"column":4},"end":{"line":20,"column":54}},"2":{"start":{"line":25,"column":4},"end":{"line":25,"column":62}},"3":{"start":{"line":30,"column":4},"end":{"line":30,"column":26}},"4":{"start":{"line":34,"column":4},"end":{"line":34,"column":26}},"5":{"start":{"line":38,"column":12},"end":{"line":38,"column":34}},"6":{"start":{"line":39,"column":4},"end":{"line":39,"column":50}},"7":{"start":{"line":40,"column":4},"end":{"line":40,"column":46}},"8":{"start":{"line":44,"column":4},"end":{"line":44,"column":92}},"9":{"start":{"line":48,"column":4},"end":{"line":48,"column":92}},"10":{"start":{"line":52,"column":4},"end":{"line":52,"column":24}},"11":{"start":{"line":67,"column":4},"end":{"line":67,"column":29}},"12":{"start":{"line":72,"column":4},"end":{"line":90,"column":5}},"13":{"start":{"line":73,"column":8},"end":{"line":73,"column":48}},"14":{"start":{"line":74,"column":8},"end":{"line":74,"column":17}},"15":{"start":{"line":76,"column":9},"end":{"line":90,"column":5}},"16":{"start":{"line":78,"column":8},"end":{"line":78,"column":46}},"17":{"start":{"line":79,"column":8},"end":{"line":79,"column":17}},"18":{"start":{"line":81,"column":9},"end":{"line":90,"column":5}},"19":{"start":{"line":83,"column":8},"end":{"line":83,"column":47}},"20":{"start":{"line":84,"column":8},"end":{"line":84,"column":17}},"21":{"start":{"line":86,"column":9},"end":{"line":90,"column":5}},"22":{"start":{"line":88,"column":8},"end":{"line":88,"column":46}},"23":{"start":{"line":89,"column":8},"end":{"line":89,"column":17}},"24":{"start":{"line":94,"column":4},"end":{"line":97,"column":5}},"25":{"start":{"line":95,"column":8},"end":{"line":95,"column":52}},"26":{"start":{"line":96,"column":8},"end":{"line":96,"column":16}},"27":{"start":{"line":98,"column":4},"end":{"line":98,"column":22}},"28":{"start":{"line":102,"column":4},"end":{"line":102,"column":50}},"29":{"start":{"line":108,"column":4},"end":{"line":110,"column":5}},"30":{"start":{"line":109,"column":1},"end":{"line":109,"column":8}},"31":{"start":{"line":112,"column":4},"end":{"line":112,"column":53}},"32":{"start":{"line":114,"column":19},"end":{"line":114,"column":32}},"33":{"start":{"line":115,"column":20},"end":{"line":115,"column":33}},"34":{"start":{"line":116,"column":15},"end":{"line":116,"column":40}},"35":{"start":{"line":117,"column":15},"end":{"line":117,"column":56}},"36":{"start":{"line":118,"column":23},"end":{"line":118,"column":87}},"37":{"start":{"line":121,"column":4},"end":{"line":184,"column":5}},"38":{"start":{"line":124,"column":8},"end":{"line":165,"column":9}},"39":{"start":{"line":125,"column":12},"end":{"line":129,"column":13}},"40":{"start":{"line":127,"column":16},"end":{"line":127,"column":56}},"41":{"start":{"line":131,"column":12},"end":{"line":131,"column":51}},"42":{"start":{"line":132,"column":12},"end":{"line":132,"column":31}},"43":{"start":{"line":136,"column":13},"end":{"line":165,"column":9}},"44":{"start":{"line":137,"column":12},"end":{"line":137,"column":43}},"45":{"start":{"line":142,"column":13},"end":{"line":165,"column":9}},"46":{"start":{"line":143,"column":12},"end":{"line":150,"column":13}},"47":{"start":{"line":144,"column":16},"end":{"line":144,"column":38}},"48":{"start":{"line":145,"column":16},"end":{"line":145,"column":105}},"49":{"start":{"line":149,"column":16},"end":{"line":149,"column":50}},"50":{"start":{"line":154,"column":12},"end":{"line":164,"column":13}},"51":{"start":{"line":155,"column":16},"end":{"line":155,"column":53}},"52":{"start":{"line":156,"column":16},"end":{"line":156,"column":47}},"53":{"start":{"line":157,"column":16},"end":{"line":157,"column":75}},"54":{"start":{"line":158,"column":16},"end":{"line":158,"column":34}},"55":{"start":{"line":159,"column":16},"end":{"line":159,"column":35}},"56":{"start":{"line":160,"column":16},"end":{"line":160,"column":39}},"57":{"start":{"line":163,"column":16},"end":{"line":163,"column":55}},"58":{"start":{"line":170,"column":1},"end":{"line":183,"column":2}},"59":{"start":{"line":171,"column":12},"end":{"line":178,"column":13}},"60":{"start":{"line":172,"column":2},"end":{"line":172,"column":24}},"61":{"start":{"line":173,"column":2},"end":{"line":173,"column":91}},"62":{"start":{"line":177,"column":16},"end":{"line":177,"column":50}},"63":{"start":{"line":181,"column":12},"end":{"line":181,"column":52}},"64":{"start":{"line":182,"column":12},"end":{"line":182,"column":43}}},"fnMap":{"0":{"name":"robot_init","decl":{"start":{"line":19,"column":16},"end":{"line":19,"column":26}},"loc":{"start":{"line":19,"column":44},"end":{"line":21,"column":1}},"line":19},"1":{"name":"get__direction","decl":{"start":{"line":24,"column":16},"end":{"line":24,"column":30}},"loc":{"start":{"line":24,"column":39},"end":{"line":26,"column":1}},"line":24},"2":{"name":"get__x","decl":{"start":{"line":29,"column":16},"end":{"line":29,"column":22}},"loc":{"start":{"line":29,"column":31},"end":{"line":31,"column":1}},"line":29},"3":{"name":"get__y","decl":{"start":{"line":33,"column":16},"end":{"line":33,"column":22}},"loc":{"start":{"line":33,"column":31},"end":{"line":35,"column":1}},"line":33},"4":{"name":"move","decl":{"start":{"line":37,"column":16},"end":{"line":37,"column":20}},"loc":{"start":{"line":37,"column":29},"end":{"line":41,"column":1}},"line":37},"5":{"name":"left","decl":{"start":{"line":43,"column":16},"end":{"line":43,"column":20}},"loc":{"start":{"line":43,"column":29},"end":{"line":45,"column":1}},"line":43},"6":{"name":"right","decl":{"start":{"line":47,"column":16},"end":{"line":47,"column":21}},"loc":{"start":{"line":47,"column":30},"end":{"line":49,"column":1}},"line":47},"7":{"name":"robot_state","decl":{"start":{"line":51,"column":16},"end":{"line":51,"column":27}},"loc":{"start":{"line":51,"column":36},"end":{"line":53,"column":1}},"line":51},"8":{"name":"throw_error","decl":{"start":{"line":66,"column":16},"end":{"line":66,"column":27}},"loc":{"start":{"line":66,"column":36},"end":{"line":68,"column":1}},"line":66},"9":{"name":"execution_limits","decl":{"start":{"line":70,"column":16},"end":{"line":70,"column":32}},"loc":{"start":{"line":70,"column":65},"end":{"line":91,"column":1}},"line":70},"10":{"name":"apply_inst","decl":{"start":{"line":93,"column":16},"end":{"line":93,"column":26}},"loc":{"start":{"line":93,"column":56},"end":{"line":99,"column":1}},"line":93},"11":{"name":"match","decl":{"start":{"line":101,"column":16},"end":{"line":101,"column":21}},"loc":{"start":{"line":101,"column":32},"end":{"line":103,"column":1}},"line":101},"12":{"name":"step","decl":{"start":{"line":106,"column":16},"end":{"line":106,"column":20}},"loc":{"start":{"line":106,"column":53},"end":{"line":186,"column":1}},"line":106}},"branchMap":{"0":{"loc":{"start":{"line":44,"column":4},"end":{"line":44,"column":91}},"type":"cond-expr","locations":[{"start":{"line":44,"column":35},"end":{"line":44,"column":61}},{"start":{"line":44,"column":64},"end":{"line":44,"column":91}}],"line":44},"1":{"loc":{"start":{"line":48,"column":4},"end":{"line":48,"column":91}},"type":"cond-expr","locations":[{"start":{"line":48,"column":35},"end":{"line":48,"column":61}},{"start":{"line":48,"column":64},"end":{"line":48,"column":91}}],"line":48},"2":{"loc":{"start":{"line":72,"column":4},"end":{"line":90,"column":5}},"type":"if","locations":[{"start":{"line":72,"column":4},"end":{"line":90,"column":5}},{"start":{"line":76,"column":9},"end":{"line":90,"column":5}}],"line":72},"3":{"loc":{"start":{"line":76,"column":9},"end":{"line":90,"column":5}},"type":"if","locations":[{"start":{"line":76,"column":9},"end":{"line":90,"column":5}},{"start":{"line":81,"column":9},"end":{"line":90,"column":5}}],"line":76},"4":{"loc":{"start":{"line":81,"column":9},"end":{"line":90,"column":5}},"type":"if","locations":[{"start":{"line":81,"column":9},"end":{"line":90,"column":5}},{"start":{"line":86,"column":9},"end":{"line":90,"column":5}}],"line":81},"5":{"loc":{"start":{"line":86,"column":9},"end":{"line":90,"column":5}},"type":"if","locations":[{"start":{"line":86,"column":9},"end":{"line":90,"column":5}},{"start":{},"end":{}}],"line":86},"6":{"loc":{"start":{"line":94,"column":4},"end":{"line":97,"column":5}},"type":"if","locations":[{"start":{"line":94,"column":4},"end":{"line":97,"column":5}},{"start":{},"end":{}}],"line":94},"7":{"loc":{"start":{"line":94,"column":8},"end":{"line":94,"column":111}},"type":"binary-expr","locations":[{"start":{"line":94,"column":8},"end":{"line":94,"column":26}},{"start":{"line":94,"column":30},"end":{"line":94,"column":48}},{"start":{"line":94,"column":52},"end":{"line":94,"column":71}},{"start":{"line":94,"column":75},"end":{"line":94,"column":91}},{"start":{"line":94,"column":95},"end":{"line":94,"column":111}}],"line":94},"8":{"loc":{"start":{"line":102,"column":12},"end":{"line":102,"column":49}},"type":"binary-expr","locations":[{"start":{"line":102,"column":12},"end":{"line":102,"column":28}},{"start":{"line":102,"column":32},"end":{"line":102,"column":49}}],"line":102},"9":{"loc":{"start":{"line":108,"column":4},"end":{"line":110,"column":5}},"type":"if","locations":[{"start":{"line":108,"column":4},"end":{"line":110,"column":5}},{"start":{},"end":{}}],"line":108},"10":{"loc":{"start":{"line":121,"column":4},"end":{"line":184,"column":5}},"type":"if","locations":[{"start":{"line":121,"column":4},"end":{"line":184,"column":5}},{"start":{"line":169,"column":9},"end":{"line":184,"column":5}}],"line":121},"11":{"loc":{"start":{"line":121,"column":8},"end":{"line":121,"column":81}},"type":"binary-expr","locations":[{"start":{"line":121,"column":9},"end":{"line":121,"column":28}},{"start":{"line":121,"column":32},"end":{"line":121,"column":57}},{"start":{"line":121,"column":62},"end":{"line":121,"column":81}}],"line":121},"12":{"loc":{"start":{"line":124,"column":8},"end":{"line":165,"column":9}},"type":"if","locations":[{"start":{"line":124,"column":8},"end":{"line":165,"column":9}},{"start":{"line":136,"column":13},"end":{"line":165,"column":9}}],"line":124},"13":{"loc":{"start":{"line":125,"column":12},"end":{"line":129,"column":13}},"type":"if","locations":[{"start":{"line":125,"column":12},"end":{"line":129,"column":13}},{"start":{},"end":{}}],"line":125},"14":{"loc":{"start":{"line":136,"column":13},"end":{"line":165,"column":9}},"type":"if","locations":[{"start":{"line":136,"column":13},"end":{"line":165,"column":9}},{"start":{"line":142,"column":13},"end":{"line":165,"column":9}}],"line":136},"15":{"loc":{"start":{"line":142,"column":13},"end":{"line":165,"column":9}},"type":"if","locations":[{"start":{"line":142,"column":13},"end":{"line":165,"column":9}},{"start":{"line":153,"column":13},"end":{"line":165,"column":9}}],"line":142},"16":{"loc":{"start":{"line":143,"column":12},"end":{"line":150,"column":13}},"type":"if","locations":[{"start":{"line":143,"column":12},"end":{"line":150,"column":13}},{"start":{"line":148,"column":17},"end":{"line":150,"column":13}}],"line":143},"17":{"loc":{"start":{"line":154,"column":12},"end":{"line":164,"column":13}},"type":"if","locations":[{"start":{"line":154,"column":12},"end":{"line":164,"column":13}},{"start":{"line":162,"column":17},"end":{"line":164,"column":13}}],"line":154},"18":{"loc":{"start":{"line":170,"column":1},"end":{"line":183,"column":2}},"type":"if","locations":[{"start":{"line":170,"column":1},"end":{"line":183,"column":2}},{"start":{"line":180,"column":6},"end":{"line":183,"column":2}}],"line":170},"19":{"loc":{"start":{"line":171,"column":12},"end":{"line":178,"column":13}},"type":"if","locations":[{"start":{"line":171,"column":12},"end":{"line":178,"column":13}},{"start":{"line":176,"column":17},"end":{"line":178,"column":13}}],"line":171}},"s":{"0":3,"1":16,"2":1,"3":8,"4":8,"5":8,"6":8,"7":8,"8":2,"9":51,"10":1,"11":4,"12":156,"13":1,"14":0,"15":155,"16":0,"17":0,"18":155,"19":1,"20":0,"21":154,"22":1,"23":0,"24":55,"25":1,"26":0,"27":54,"28":207,"29":155,"30":0,"31":155,"32":153,"33":153,"34":153,"35":153,"36":153,"37":153,"38":153,"39":53,"40":53,"41":53,"42":53,"43":100,"44":50,"45":50,"46":0,"47":0,"48":0,"49":0,"50":50,"51":50,"52":50,"53":50,"54":50,"55":50,"56":50,"57":0,"58":0,"59":0,"60":0,"61":0,"62":0,"63":0,"64":0},"f":{"0":16,"1":1,"2":8,"3":8,"4":8,"5":2,"6":51,"7":1,"8":4,"9":156,"10":55,"11":207,"12":155},"b":{"0":[1,1],"1":[13,38],"2":[1,155],"3":[0,155],"4":[1,154],"5":[1,153],"6":[1,54],"7":[55,51,51,1,1],"8":[207,207],"9":[0,155],"10":[153,0],"11":[153,101,52],"12":[53,100],"13":[53,0],"14":[50,50],"15":[0,50],"16":[0,0],"17":[50,0],"18":[0,0],"19":[0,0]},"inputSourceMap":null,"_coverageSchema":"1a1c01bbd47fc00a2c39e90264f33305004495a9","hash":"8e31344c04cbdcb7687b0b856b3eed207ae7f3f1"}
,"/home/kabouri/Desktop/projects/projetss6-robot-15531/src/stack.js": {"path":"/home/kabouri/Desktop/projects/projetss6-robot-15531/src/stack.js","statementMap":{"0":{"start":{"line":4,"column":4},"end":{"line":4,"column":37}},"1":{"start":{"line":9,"column":4},"end":{"line":9,"column":25}},"2":{"start":{"line":13,"column":4},"end":{"line":13,"column":13}},"3":{"start":{"line":14,"column":14},"end":{"line":14,"column":24}},"4":{"start":{"line":15,"column":14},"end":{"line":15,"column":24}},"5":{"start":{"line":16,"column":4},"end":{"line":16,"column":24}},"6":{"start":{"line":20,"column":4},"end":{"line":20,"column":13}},"7":{"start":{"line":21,"column":4},"end":{"line":21,"column":25}}},"fnMap":{"0":{"name":"empty_stack","decl":{"start":{"line":2,"column":16},"end":{"line":2,"column":27}},"loc":{"start":{"line":2,"column":30},"end":{"line":5,"column":1}},"line":2},"1":{"name":"stack__is_empty","decl":{"start":{"line":8,"column":16},"end":{"line":8,"column":31}},"loc":{"start":{"line":8,"column":35},"end":{"line":10,"column":1}},"line":8},"2":{"name":"stack","decl":{"start":{"line":12,"column":16},"end":{"line":12,"column":21}},"loc":{"start":{"line":12,"column":34},"end":{"line":17,"column":1}},"line":12},"3":{"name":"unstack","decl":{"start":{"line":19,"column":16},"end":{"line":19,"column":23}},"loc":{"start":{"line":19,"column":27},"end":{"line":22,"column":1}},"line":19}},"branchMap":{},"s":{"0":8,"1":1,"2":55,"3":55,"4":55,"5":55,"6":1,"7":1},"f":{"0":8,"1":1,"2":55,"3":1},"b":{},"inputSourceMap":null,"_coverageSchema":"1a1c01bbd47fc00a2c39e90264f33305004495a9","hash":"a86c488701d73221c62dfd83af00ecd17c205297"}
}
