TN:
SF:src/interpreter.js
FN:6,add_sentinel
FN:13,make_context
FN:14,(anonymous_2)
FN:33,find_function
FN:35,find_function_rec
FN:48,is_over
FN:58,execute_and_print
FNF:7
FNH:5
FNDA:12,add_sentinel
FNDA:4,make_context
FNDA:12,(anonymous_2)
FNDA:55,find_function
FNDA:59,find_function_rec
FNDA:0,is_over
FNDA:0,execute_and_print
DA:7,12
DA:8,12
DA:14,4
DA:15,12
DA:16,4
DA:19,8
DA:23,4
DA:37,59
DA:38,55
DA:41,4
DA:44,55
DA:50,0
DA:52,0
DA:54,0
DA:60,0
DA:61,0
DA:62,0
DA:63,0
LF:18
LH:11
BRDA:15,0,0,4
BRDA:15,0,1,8
BRDA:37,1,0,55
BRDA:37,1,1,4
BRDA:50,2,0,0
BRDA:50,2,1,0
BRDA:50,3,0,0
BRDA:50,3,1,0
BRF:8
BRH:4
end_of_record
TN:
SF:src/puzzle.js
FN:4,make_puzzle
FN:23,get__cell_content
FN:37,is_valid_position
FN:45,get_robot__symbol
FN:51,print_puzzle
FN:66,add_puzzle
FN:71,getRandomInt
FN:75,generate_puzzle
FNF:8
FNH:5
FNDA:16,make_puzzle
FNDA:155,get__cell_content
FNDA:156,is_valid_position
FNDA:2,get_robot__symbol
FNDA:0,print_puzzle
FNDA:6,add_puzzle
FNDA:0,getRandomInt
FNDA:0,generate_puzzle
DA:6,16
DA:19,3
DA:25,155
DA:39,156
DA:43,3
DA:47,2
DA:52,0
DA:53,0
DA:54,0
DA:55,0
DA:56,0
DA:58,0
DA:63,3
DA:64,3
DA:67,6
DA:68,6
DA:72,0
DA:76,0
DA:77,0
DA:80,3
DA:93,3
DA:94,3
DA:96,3
DA:109,3
DA:110,3
DA:112,3
DA:113,3
DA:117,3
LF:28
LH:19
BRDA:52,0,0,0
BRDA:52,0,1,0
BRF:2
BRH:0
end_of_record
TN:
SF:src/robot.js
FN:19,robot_init
FN:24,get__direction
FN:29,get__x
FN:33,get__y
FN:37,move
FN:43,left
FN:47,right
FN:51,robot_state
FN:66,throw_error
FN:70,execution_limits
FN:93,apply_inst
FN:101,match
FN:106,step
FNF:13
FNH:13
FNDA:16,robot_init
FNDA:1,get__direction
FNDA:8,get__x
FNDA:8,get__y
FNDA:8,move
FNDA:2,left
FNDA:51,right
FNDA:1,robot_state
FNDA:4,throw_error
FNDA:156,execution_limits
FNDA:55,apply_inst
FNDA:207,match
FNDA:155,step
DA:16,3
DA:20,16
DA:25,1
DA:30,8
DA:34,8
DA:38,8
DA:39,8
DA:40,8
DA:44,2
DA:48,51
DA:52,1
DA:67,4
DA:72,156
DA:73,1
DA:74,0
DA:76,155
DA:78,0
DA:79,0
DA:81,155
DA:83,1
DA:84,0
DA:86,154
DA:88,1
DA:89,0
DA:94,55
DA:95,1
DA:96,0
DA:98,54
DA:102,207
DA:108,155
DA:109,0
DA:112,155
DA:114,153
DA:115,153
DA:116,153
DA:117,153
DA:118,153
DA:121,153
DA:124,153
DA:125,53
DA:127,53
DA:131,53
DA:132,53
DA:136,100
DA:137,50
DA:142,50
DA:143,0
DA:144,0
DA:145,0
DA:149,0
DA:154,50
DA:155,50
DA:156,50
DA:157,50
DA:158,50
DA:159,50
DA:160,50
DA:163,0
DA:170,0
DA:171,0
DA:172,0
DA:173,0
DA:177,0
DA:181,0
DA:182,0
LF:65
LH:46
BRDA:44,0,0,1
BRDA:44,0,1,1
BRDA:48,1,0,13
BRDA:48,1,1,38
BRDA:72,2,0,1
BRDA:72,2,1,155
BRDA:76,3,0,0
BRDA:76,3,1,155
BRDA:81,4,0,1
BRDA:81,4,1,154
BRDA:86,5,0,1
BRDA:86,5,1,153
BRDA:94,6,0,1
BRDA:94,6,1,54
BRDA:94,7,0,55
BRDA:94,7,1,51
BRDA:94,7,2,51
BRDA:94,7,3,1
BRDA:94,7,4,1
BRDA:102,8,0,207
BRDA:102,8,1,207
BRDA:108,9,0,0
BRDA:108,9,1,155
BRDA:121,10,0,153
BRDA:121,10,1,0
BRDA:121,11,0,153
BRDA:121,11,1,101
BRDA:121,11,2,52
BRDA:124,12,0,53
BRDA:124,12,1,100
BRDA:125,13,0,53
BRDA:125,13,1,0
BRDA:136,14,0,50
BRDA:136,14,1,50
BRDA:142,15,0,0
BRDA:142,15,1,50
BRDA:143,16,0,0
BRDA:143,16,1,0
BRDA:154,17,0,50
BRDA:154,17,1,0
BRDA:170,18,0,0
BRDA:170,18,1,0
BRDA:171,19,0,0
BRDA:171,19,1,0
BRF:44
BRH:32
end_of_record
TN:
SF:src/stack.js
FN:2,empty_stack
FN:8,stack__is_empty
FN:12,stack
FN:19,unstack
FNF:4
FNH:4
FNDA:8,empty_stack
FNDA:1,stack__is_empty
FNDA:55,stack
FNDA:1,unstack
DA:4,8
DA:9,1
DA:13,55
DA:14,55
DA:15,55
DA:16,55
DA:20,1
DA:21,1
LF:8
LH:8
BRF:0
BRH:0
end_of_record
